2023-7-3 09:44:44 - verbose: Arguments:
2023-7-3 09:44:44 - verbose:   C:\cocoscreater\CocosCreator-v3.7.3-win-042810\CocosCreator.exe: C:\cocoscreater\CocosCreator-v3.7.3-win-042810\resources\app.asar\
2023-7-3 09:44:44 - verbose:   project: E:\learn\createrPlugin
2023-7-3 09:44:44 - verbose:   dev: false
2023-7-3 09:44:44 - verbose:   home: C:\Users\SnowZhang\.CocosCreator
2023-7-3 09:44:44 - verbose:  
2023-7-3 09:44:50 - verbose: [Package] menu@1.0.0 enable
2023-7-3 09:44:50 - verbose: [Package] profile@1.0.0 enable
2023-7-3 09:44:50 - verbose: [Package] project@1.0.4 enable
2023-7-3 09:44:50 - verbose: [Package] messages@1.0.0 enable
2023-7-3 09:44:50 - verbose: [Package] program@1.0.3 enable
2023-7-3 09:44:50 - verbose: [Package] tester@1.0.0 enable
2023-7-3 09:44:50 - verbose: [Package] information@1.0.0 enable
2023-7-3 09:44:50 - verbose: [Package] preferences@1.0.0 enable
2023-7-3 09:44:54 - log: Load engine in C:\cocoscreater\CocosCreator-v3.7.3-win-042810\resources\resources\3d\engine
2023-7-3 09:44:55 - log: Register native engine in C:\cocoscreater\CocosCreator-v3.7.3-win-042810\resources\resources\3d\engine\native
2023-7-3 09:44:55 - verbose: [Package] engine@1.0.7 enable
2023-7-3 09:44:58 - verbose: [Package] programming@1.0.0 enable
2023-7-3 09:44:58 - verbose: [Package] device@1.0.1 enable
2023-7-3 09:44:58 - verbose: [Package] ui-kit@1.0.1 enable
2023-7-3 09:44:58 - verbose: [Package] asset-db@1.0.0 enable
2023-7-3 09:44:58 - verbose: [Package] scene@1.0.0 enable
2023-7-3 09:44:58 - verbose: [Package] server@1.0.0 enable
2023-7-3 09:44:58 - verbose: [Package] utils@1.0.0 enable
2023-7-3 09:45:10 - verbose: [Package] preview@1.0.1 enable
2023-7-3 09:45:10 - verbose: [Package] animator@1.0.0 enable
2023-7-3 09:45:10 - verbose: [Build-plugin] register pkg scene: 2ms
2023-7-3 09:45:10 - verbose: Builder PluginManager init: 2ms
2023-7-3 09:45:10 - verbose: [Package] builder@1.3.5 enable
2023-7-3 09:45:10 - verbose: [Package] shortcuts@1.0.1 enable
2023-7-3 09:45:10 - verbose: [Package] animation-graph@1.0.0 enable
2023-7-3 09:45:10 - verbose: [Package] about@1.0.2 enable
2023-7-3 09:45:10 - verbose: [Package] assets@1.0.0 enable
2023-7-3 09:45:10 - verbose: [Package] console@1.0.0 enable
2023-7-3 09:45:11 - verbose: [Package] crash-reporter@1.0.0 enable
2023-7-3 09:45:11 - verbose: [Package] extension@3.1.1 enable
2023-7-3 09:45:11 - verbose: [Package] hierarchy@1.0.0 enable
2023-7-3 09:45:11 - verbose: [Package] inspector@1.0.0 enable
2023-7-3 09:45:11 - verbose: [Package] light-probe@1.0.4 enable
2023-7-3 09:45:11 - verbose: [Package] lightmap@1.0.4 enable
2023-7-3 09:45:11 - verbose: [Package] node-library@1.0.1 enable
2023-7-3 09:45:11 - verbose: [Package] package-asset@1.0.1 enable
2023-7-3 09:45:11 - verbose: [Package] process@1.0.0 enable
2023-7-3 09:45:12 - verbose: [Package] cocos-service@3.0.7 enable
2023-7-3 09:45:12 - verbose: [Build-plugin] register pkg cocos-service: 269ms
2023-7-3 09:45:12 - verbose: [Package] reference-image@1.0.0 enable
2023-7-3 09:45:12 - verbose: [Package] reflection-probe@1.0.4 enable
2023-7-3 09:45:12 - verbose: [Package] engine-extends@1.0.0 enable
2023-7-3 09:45:12 - verbose: [Package] alipay-mini-game@1.0.1 enable
2023-7-3 09:45:12 - verbose: [Package] android@1.0.1 enable
2023-7-3 09:45:12 - verbose: [Package] bytedance-mini-game@1.0.2 enable
2023-7-3 09:45:12 - verbose: [Package] certificate@1.0.0 enable
2023-7-3 09:45:12 - verbose: [Package] channel-upload-tools@1.0.0 enable
2023-7-3 09:45:12 - verbose: [Package] fb-instant-games@1.0.0 enable
2023-7-3 09:45:12 - verbose: [Package] huawei-agc@1.0.0 enable
2023-7-3 09:45:12 - verbose: [Package] huawei-quick-game@1.0.1 enable
2023-7-3 09:45:12 - verbose: [Package] ios@1.0.0 enable
2023-7-3 09:45:12 - verbose: [Build-plugin] register pkg android: 257ms
2023-7-3 09:45:13 - verbose: [Package] linux@1.0.0 enable
2023-7-3 09:45:13 - verbose: [Build-plugin] register pkg bytedance-mini-game: 209ms
2023-7-3 09:45:13 - verbose: [Package] mac@1.0.0 enable
2023-7-3 09:45:13 - verbose: [Package] native@1.0.2 enable
2023-7-3 09:45:13 - verbose: [Build-plugin] register pkg native: 286ms
2023-7-3 09:45:13 - verbose: [Package] ohos@1.0.0 enable
2023-7-3 09:45:13 - verbose: [Build-plugin] register pkg fb-instant-games: 558ms
2023-7-3 09:45:13 - verbose: [Package] open-harmonyos@1.0.0 enable
2023-7-3 09:45:13 - verbose: [Package] oppo-mini-game@1.0.1 enable
2023-7-3 09:45:13 - verbose: [Package] runtime-dev-tools@1.0.0 enable
2023-7-3 09:45:13 - verbose: [Package] taobao-creative-app@1.0.0 enable
2023-7-3 09:45:13 - verbose: [Package] taobao-mini-game@1.0.0 enable
2023-7-3 09:45:13 - verbose: [Package] vivo-mini-game@1.0.1 enable
2023-7-3 09:45:13 - verbose: [Build-plugin] register pkg mac: 583ms
2023-7-3 09:45:13 - verbose: [Package] web-desktop@1.0.1 enable
2023-7-3 09:45:13 - verbose: [Package] web-mobile@1.0.1 enable
2023-7-3 09:45:13 - verbose: [Build-plugin] register pkg taobao-creative-app: 162ms
2023-7-3 09:45:13 - verbose: [Package] wechatgame@1.0.2 enable
2023-7-3 09:45:13 - verbose: [Package] wechatprogram@1.0.2 enable
2023-7-3 09:45:13 - verbose: [Build-plugin] register pkg vivo-mini-game: 158ms
2023-7-3 09:45:13 - verbose: [Package] windows@1.0.1 enable
2023-7-3 09:45:13 - verbose: [Package] xiaomi-quick-game@1.0.1 enable
2023-7-3 09:45:13 - verbose: [Build-plugin] register pkg taobao-mini-game: 229ms
2023-7-3 09:45:13 - verbose: [Build-plugin] register pkg web-desktop: 181ms
2023-7-3 09:45:14 - verbose: [Package] im-plugin@3.0.10 enable
2023-7-3 09:45:14 - verbose: [Build-plugin] register pkg web-mobile: 474ms
2023-7-3 09:45:14 - verbose: [Package] placeholder@1.0.0 enable
2023-7-3 09:45:14 - verbose: [Build-plugin] register pkg xiaomi-quick-game: 460ms
2023-7-3 09:45:14 - verbose: [Build-plugin] register pkg huawei-agc: 1541ms
2023-7-3 09:45:14 - verbose: asset-db is ready!
2023-7-3 09:45:14 - verbose: [Build-plugin] register pkg wechatgame: 1133ms
2023-7-3 09:45:14 - verbose: [Build-plugin] register pkg windows: 1114ms
2023-7-3 09:45:21 - verbose: [Build-plugin] register pkg huawei-quick-game: 8106ms
2023-7-3 09:45:21 - verbose: [Build-plugin] register pkg ios: 8478ms
2023-7-3 09:45:21 - verbose: [Build-plugin] register pkg ohos: 8119ms
2023-7-3 09:45:21 - verbose: [Build-plugin] register pkg oppo-mini-game: 8110ms
2023-7-3 09:45:21 - info: [Scene] [Physics][Bullet]: Using asmjs Bullet libs.
2023-7-3 09:45:21 - info: [Scene] [PHYSICS]: using builtin.
2023-7-3 09:45:21 - log: [Scene] Cocos Creator v3.7.3
2023-7-3 09:45:21 - info: [Scene] Forward render pipeline initialized.
2023-7-3 09:45:22 - info: [Scene] [PHYSICS]: switch from builtin to bullet.
2023-7-3 09:45:22 - info: [Scene] [PHYSICS2D]: switch from builtin to box2d.
